info it worked if it ends with ok
verbose cli [ 'C:\\Program Files\\nodejs\\\\node.exe',
verbose cli   'C:\\Program Files\\nodejs\\node_modules\\npm\\bin\\npm-cli.js',
verbose cli   'install',
verbose cli   'node-proxy' ]
info using npm@1.1.9
info using node@v0.6.13
verbose C:\Program Files\nodejs\\node.exe node symlink
verbose config file C:\Users\afama\.npmrc
verbose config file C:\Program Files\nodejs\etc\npmrc
verbose config file C:\Program Files\nodejs\node_modules\npm\npmrc
verbose mkdir done: C:\Users\afama\AppData\Roaming\npm 755
verbose mkdir done: C:\node\revappdev\webrole 755
verbose caching C:\node\revappdev\webrole\package.json
verbose loadDefaults application-name@0.0.1
verbose caching C:\node\revappdev\webrole\node_modules\connect\package.json
verbose caching C:\node\revappdev\webrole\node_modules\express\package.json
verbose caching C:\node\revappdev\webrole\node_modules\jade\package.json
verbose caching C:\node\revappdev\webrole\node_modules\socket.io\package.json
verbose caching C:\node\revappdev\webrole\node_modules\now\package.json
verbose loadDefaults now@0.8.1
verbose from cache C:\node\revappdev\webrole\package.json
verbose readDependencies: using package.json deps
verbose cache add [ 'node-proxy', null ]
silly cache add: name, spec, args [ undefined, 'node-proxy', [ 'node-proxy', null ] ]
verbose parsed url { pathname: 'node-proxy',
verbose parsed url   path: 'node-proxy',
verbose parsed url   href: 'node-proxy' }
verbose addNamed [ 'node-proxy', '' ]
verbose addNamed [ null, '' ]
silly name, range, hasData [ 'node-proxy', '', false ]
verbose raw, before any munging node-proxy
verbose url resolving [ 'https://registry.npmjs.org/', './node-proxy' ]
verbose url resolved https://registry.npmjs.org/node-proxy
verbose etag "ACP7YK36LF0OQQO3H5E9115GA"
http GET https://registry.npmjs.org/node-proxy
http 304 https://registry.npmjs.org/node-proxy
silly get cb [ 304,
silly get cb   { server: 'CouchDB/1.2.0 (Erlang OTP/R15B)',
silly get cb     etag: '"ACP7YK36LF0OQQO3H5E9115GA"',
silly get cb     date: 'Wed, 28 Mar 2012 13:41:26 GMT',
silly get cb     'content-length': '0' } ]
verbose etag node-proxy from cache
verbose mkdir done: C:\Users\afama\AppData\Roaming\npm-cache\node-proxy 755
silly name, range, hasData 2 [ 'node-proxy', '', true ]
silly versions [ 'node-proxy',
silly versions   [ '0.3.1', '0.3.2', '0.4.0', '0.5.0', '0.5.1', '0.5.2' ] ]
verbose bin dist [ '0.6-ares1.7.5-DEV-evundefined-openssl0.9.8r-v83.6.6.24-win32-ia32-6.1.7601',
verbose bin dist   { shasum: 'c22cc7ddf8c2af0bfa32fed30d3c533b216ef893',
verbose bin dist     tarball: 'http://registry.npmjs.org/node-proxy/-/node-proxy-0.5.2.tgz' } ]
WARN node-proxy@0.5.2 package.json: bugs['web'] should probably be bugs['url']
verbose caching C:\Users\afama\AppData\Roaming\npm-cache\node-proxy\0.5.2\package\package.json
verbose loadDefaults node-proxy@0.5.2
silly resolved [ { name: 'node-proxy',
silly resolved     version: '0.5.2',
silly resolved     description: 'A module for node implementing __noSuchMethod__-type handlers, such as object overloading, as part of the Harmony Catch-All Proxies specification found at http://wiki.ecmascript.org/doku.php?id=harmony:proxies',
silly resolved     keywords: [ 'interceptor', 'proxy', 'overload', '__noSuchMethod__' ],
silly resolved     contributors: 
silly resolved      [ { name: 'Sam Shull',
silly resolved          email: 'http://www.google.com/profiles/brickysam26' },
silly resolved        { name: 'richardms', email: 'https://github.com/richardms' } ],
silly resolved     licenses: 
silly resolved      [ { type: 'MIT',
silly resolved          url: 'http://www.opensource.org/licenses/mit-license.html' } ],
silly resolved     bugs: { url: 'http://github.com/samshull/node-proxy/issues' },
silly resolved     implements: [ 'http://wiki.ecmascript.org/doku.php?id=harmony:proxies' ],
silly resolved     engines: { node: '>=0.1.103' },
silly resolved     repositories: [ { type: 'git', url: 'http://github.com/samshull/node-proxy' } ],
silly resolved     main: './lib/node-proxy.node',
silly resolved     scripts: { install: 'make' },
silly resolved     _id: 'node-proxy@0.5.2',
silly resolved     dependencies: {},
silly resolved     devDependencies: {},
silly resolved     optionalDependencies: {},
silly resolved     _engineSupported: true,
silly resolved     _npmVersion: '1.1.9',
silly resolved     _nodeVersion: 'v0.6.13',
silly resolved     _defaultsLoaded: true,
silly resolved     _from: 'node-proxy' } ]
info into C:\node\revappdev\webrole node-proxy@0.5.2
info installOne node-proxy@0.5.2
verbose from cache C:\Users\afama\AppData\Roaming\npm-cache\node-proxy\0.5.2\package\package.json
info unbuild C:\node\revappdev\webrole\node_modules\node-proxy
verbose mkdir (expected) error ENOENT, stat 'C:\node\revappdev\webrole\node_modules\node-proxy'
verbose mkdir done: C:\node\revappdev\webrole\node_modules\node-proxy 755
verbose unpack_ uid, gid [ undefined, undefined ]
verbose unpackTarget C:\node\revappdev\webrole\node_modules\node-proxy
silly gunzTarPerm modes [ '755', '644' ]
silly modified mode [ '.npmignore', 438, 420 ]
silly modified mode [ 'examples/', 438, 493 ]
silly modified mode [ 'examples/autoload-namespace/', 438, 493 ]
silly modified mode [ 'examples/autoload-namespace/autoload-namespace.js', 438, 420 ]
silly modified mode [ 'examples/autoload-namespace/autoload-test.js', 438, 420 ]
silly modified mode [ 'examples/autoload-namespace/org/', 438, 493 ]
silly modified mode [ 'examples/autoload-namespace/org/w3c/', 438, 493 ]
silly modified mode [ 'examples/autoload-namespace/org/w3c/DOM/', 438, 493 ]
silly modified mode [ 'examples/autoload-namespace/org/w3c/DOM/Document/', 438, 493 ]
silly modified mode [ 'examples/autoload-namespace/org/w3c/DOM/Document/String/',
silly modified mode   438,
silly modified mode   493 ]
silly modified mode [ 'examples/autoload-namespace/org/w3c/DOM/Document/String/Test.js',
silly modified mode   438,
silly modified mode   420 ]
silly modified mode [ 'examples/autoload-namespace/org/w3c/DOM/Document.js',
silly modified mode   438,
silly modified mode   420 ]
silly modified mode [ 'lib/', 438, 493 ]
silly modified mode [ 'lib/.npmignore', 438, 420 ]
silly modified mode [ 'LICENSE.txt', 438, 420 ]
silly modified mode [ 'Makefile', 438, 420 ]
silly modified mode [ 'package.json', 438, 420 ]
silly modified mode [ 'README.txt', 438, 420 ]
silly modified mode [ 'remove_scope_close.diff', 438, 420 ]
silly modified mode [ 'src/', 438, 493 ]
silly modified mode [ 'src/node-proxy.cc', 438, 420 ]
silly modified mode [ 'src/node-proxy.h', 438, 420 ]
silly modified mode [ 'src/wscript', 438, 420 ]
silly modified mode [ 'test/', 438, 493 ]
silly modified mode [ 'test/test.js', 438, 420 ]
verbose gunzed C:\node\revappdev\webrole\node_modules\node-proxy
verbose caching C:\node\revappdev\webrole\node_modules\node-proxy\package.json
verbose loadDefaults node-proxy@0.5.2
info preinstall node-proxy@0.5.2
verbose from cache C:\node\revappdev\webrole\node_modules\node-proxy\package.json
verbose readDependencies: using package.json deps
verbose from cache C:\node\revappdev\webrole\node_modules\node-proxy\package.json
verbose readDependencies: using package.json deps
silly resolved []
verbose about to build C:\node\revappdev\webrole\node_modules\node-proxy
info build C:\node\revappdev\webrole\node_modules\node-proxy
verbose from cache C:\node\revappdev\webrole\node_modules\node-proxy\package.json
verbose linkStuff [ false,
verbose linkStuff   false,
verbose linkStuff   false,
verbose linkStuff   'C:\\node\\revappdev\\webrole\\node_modules' ]
info linkStuff node-proxy@0.5.2
verbose linkBins node-proxy@0.5.2
verbose linkMans node-proxy@0.5.2
verbose rebuildBundles node-proxy@0.5.2
info install node-proxy@0.5.2
verbose unsafe-perm in lifecycle true
silly exec cmd "/c" "make"
silly spawning [ 'cmd',
silly spawning   [ '/c', 'make' ],
silly spawning   'C:\\node\\revappdev\\webrole\\node_modules\\node-proxy' ]
info node-proxy@0.5.2 Failed to exec install script
info unbuild C:\node\revappdev\webrole\node_modules\node-proxy
verbose from cache C:\node\revappdev\webrole\node_modules\node-proxy\package.json
info preuninstall node-proxy@0.5.2
info uninstall node-proxy@0.5.2
verbose unbuild node-proxy@0.5.2 [ true,
verbose unbuild node-proxy@0.5.2   'C:\\node\\revappdev\\webrole\\node_modules',
verbose unbuild node-proxy@0.5.2   'C:\\node\\revappdev\\webrole\\node_modules' ]
info postuninstall node-proxy@0.5.2
ERR! node-proxy@0.5.2 install: `make`
ERR! `cmd "/c" "make"` failed with 1
ERR! 
ERR! Failed at the node-proxy@0.5.2 install script.
ERR! This is most likely a problem with the node-proxy package,
ERR! not with npm itself.
ERR! Tell the author that this fails on your system:
ERR!     make
ERR! You can get their info via:
ERR!     npm owner ls node-proxy
ERR! There is likely additional logging output above.
ERR! 
ERR! System Windows_NT 6.1.7601
ERR! command "C:\\Program Files\\nodejs\\\\node.exe" "C:\\Program Files\\nodejs\\node_modules\\npm\\bin\\npm-cli.js" "install" "node-proxy"
ERR! cwd C:\node\revappdev\webrole
ERR! node -v v0.6.13
ERR! npm -v 1.1.9
ERR! code ELIFECYCLE
ERR! message node-proxy@0.5.2 install: `make`
ERR! message `cmd "/c" "make"` failed with 1
ERR! errno {}
verbose exit [ 1, true ]
